0 info it worked if it ends with ok
1 verbose cli [ '/usr/bin/nodejs',
1 verbose cli   '/usr/bin/npm',
1 verbose cli   'install',
1 verbose cli   '--save',
1 verbose cli   '@tensorflow/tfjs-node' ]
2 info using npm@4.0.5
3 info using node@v7.4.0
4 silly loadCurrentTree Starting
5 silly install loadCurrentTree
6 silly install readLocalPackageData
7 silly fetchPackageMetaData @tensorflow/tfjs-node
8 silly fetchNamedPackageData @tensorflow/tfjs-node
9 silly mapToRegistry name @tensorflow/tfjs-node
10 silly mapToRegistry scope (from package name) @tensorflow
11 verbose mapToRegistry no registry URL found in name for scope @tensorflow
12 silly mapToRegistry using default registry
13 silly mapToRegistry registry https://registry.npmjs.org/
14 silly mapToRegistry data Result {
14 silly mapToRegistry   raw: '@tensorflow/tfjs-node',
14 silly mapToRegistry   scope: '@tensorflow',
14 silly mapToRegistry   escapedName: '@tensorflow%2ftfjs-node',
14 silly mapToRegistry   name: '@tensorflow/tfjs-node',
14 silly mapToRegistry   rawSpec: '',
14 silly mapToRegistry   spec: 'latest',
14 silly mapToRegistry   type: 'tag' }
15 silly mapToRegistry uri https://registry.npmjs.org/@tensorflow%2ftfjs-node
16 verbose request uri https://registry.npmjs.org/@tensorflow%2ftfjs-node
17 verbose request no auth needed
18 info attempt registry request try #1 at 22:32:16
19 verbose request id f3cb4dd2e50b95e8
20 verbose etag W/"228f9d565860214509e9a904ae27cda6"
21 verbose lastModified Thu, 07 Jun 2018 18:20:07 GMT
22 http request GET https://registry.npmjs.org/@tensorflow%2ftfjs-node
23 http 304 https://registry.npmjs.org/@tensorflow%2ftfjs-node
24 verbose headers { date: 'Sun, 24 Jun 2018 20:32:17 GMT',
24 verbose headers   connection: 'keep-alive',
24 verbose headers   'set-cookie': [ '__cfduid=d715b33577d1d7729c823c6fc5471130e1529872336; expires=Mon, 24-Jun-19 20:32:16 GMT; path=/; domain=.registry.npmjs.org; HttpOnly' ],
24 verbose headers   'cache-control': 'public, max-age=14400',
24 verbose headers   'cf-cache-status': 'HIT',
24 verbose headers   'cf-ray': '4301f6798accbd6f-CDG',
24 verbose headers   etag: '"228f9d565860214509e9a904ae27cda6"',
24 verbose headers   'expect-ct': 'max-age=604800, report-uri="https://report-uri.cloudflare.com/cdn-cgi/beacon/expect-ct"',
24 verbose headers   'last-modified': 'Thu, 07 Jun 2018 18:20:07 GMT',
24 verbose headers   vary: 'Accept-Encoding',
24 verbose headers   server: 'cloudflare' }
25 silly get cb [ 304,
25 silly get   { date: 'Sun, 24 Jun 2018 20:32:17 GMT',
25 silly get     connection: 'keep-alive',
25 silly get     'set-cookie': [ '__cfduid=d715b33577d1d7729c823c6fc5471130e1529872336; expires=Mon, 24-Jun-19 20:32:16 GMT; path=/; domain=.registry.npmjs.org; HttpOnly' ],
25 silly get     'cache-control': 'public, max-age=14400',
25 silly get     'cf-cache-status': 'HIT',
25 silly get     'cf-ray': '4301f6798accbd6f-CDG',
25 silly get     etag: '"228f9d565860214509e9a904ae27cda6"',
25 silly get     'expect-ct': 'max-age=604800, report-uri="https://report-uri.cloudflare.com/cdn-cgi/beacon/expect-ct"',
25 silly get     'last-modified': 'Thu, 07 Jun 2018 18:20:07 GMT',
25 silly get     vary: 'Accept-Encoding',
25 silly get     server: 'cloudflare' } ]
26 verbose etag https://registry.npmjs.org/@tensorflow%2ftfjs-node from cache
27 verbose get saving @tensorflow/tfjs-node to /home/pi/.npm/registry.npmjs.org/_40tensorflow_252ftfjs-node/.cache.json
28 verbose correctMkdir /home/pi/.npm correctMkdir not in flight; initializing
29 silly install normalizeTree
30 silly loadCurrentTree Finishing
31 silly loadIdealTree Starting
32 silly install loadIdealTree
33 silly cloneCurrentTree Starting
34 silly install cloneCurrentTreeToIdealTree
35 silly cloneCurrentTree Finishing
36 silly loadShrinkwrap Starting
37 silly install loadShrinkwrap
38 silly loadShrinkwrap Finishing
39 silly loadAllDepsIntoIdealTree Starting
40 silly install loadAllDepsIntoIdealTree
41 silly resolveWithNewModule @tensorflow/tfjs-node@0.1.7 checking installable status
42 silly cache add args [ '@tensorflow/tfjs-node', null ]
43 verbose cache add spec @tensorflow/tfjs-node
44 silly cache add parsed spec Result {
44 silly cache add   raw: '@tensorflow/tfjs-node',
44 silly cache add   scope: '@tensorflow',
44 silly cache add   escapedName: '@tensorflow%2ftfjs-node',
44 silly cache add   name: '@tensorflow/tfjs-node',
44 silly cache add   rawSpec: '',
44 silly cache add   spec: 'latest',
44 silly cache add   type: 'tag' }
45 silly addNamed @tensorflow/tfjs-node@latest
46 verbose addNamed "latest" is being treated as a dist-tag for @tensorflow/tfjs-node
47 info addNameTag [ '@tensorflow/tfjs-node', 'latest' ]
48 silly mapToRegistry name @tensorflow/tfjs-node
49 silly mapToRegistry scope (from package name) @tensorflow
50 verbose mapToRegistry no registry URL found in name for scope @tensorflow
51 silly mapToRegistry using default registry
52 silly mapToRegistry registry https://registry.npmjs.org/
53 silly mapToRegistry data Result {
53 silly mapToRegistry   raw: '@tensorflow/tfjs-node',
53 silly mapToRegistry   scope: '@tensorflow',
53 silly mapToRegistry   escapedName: '@tensorflow%2ftfjs-node',
53 silly mapToRegistry   name: '@tensorflow/tfjs-node',
53 silly mapToRegistry   rawSpec: '',
53 silly mapToRegistry   spec: 'latest',
53 silly mapToRegistry   type: 'tag' }
54 silly mapToRegistry uri https://registry.npmjs.org/@tensorflow%2ftfjs-node
55 verbose addNameTag registry:https://registry.npmjs.org/@tensorflow%2ftfjs-node not in flight; fetching
56 verbose get https://registry.npmjs.org/@tensorflow%2ftfjs-node not expired, no request
57 silly addNameTag next cb for @tensorflow/tfjs-node with tag latest
58 silly addNamed @tensorflow/tfjs-node@0.1.7
59 verbose addNamed "0.1.7" is a plain semver version for @tensorflow/tfjs-node
60 silly cache afterAdd @tensorflow/tfjs-node@0.1.7
61 verbose afterAdd /home/pi/.npm/@tensorflow/tfjs-node/0.1.7/package/package.json not in flight; writing
62 verbose correctMkdir /home/pi/.npm correctMkdir not in flight; initializing
63 verbose afterAdd /home/pi/.npm/@tensorflow/tfjs-node/0.1.7/package/package.json written
64 silly loadAllDepsIntoIdealTree Finishing
65 silly loadIdealTree Finishing
66 silly currentTree ledgpio@1.0.0
66 silly currentTree ├── @protobufjs/aspromise@1.1.2
66 silly currentTree ├── @protobufjs/base64@1.1.2
66 silly currentTree ├── @protobufjs/codegen@2.0.4
66 silly currentTree ├── @protobufjs/eventemitter@1.1.0
66 silly currentTree ├── @protobufjs/fetch@1.1.0
66 silly currentTree ├── @protobufjs/float@1.0.2
66 silly currentTree ├── @protobufjs/inquire@1.1.0
66 silly currentTree ├── @protobufjs/path@1.1.2
66 silly currentTree ├── @protobufjs/pool@1.1.0
66 silly currentTree ├── @protobufjs/utf8@1.1.0
66 silly currentTree ├── @tensorflow/tfjs-converter@0.4.3
66 silly currentTree ├── @tensorflow/tfjs-core@0.11.9
66 silly currentTree ├── @tensorflow/tfjs-layers@0.6.7
66 silly currentTree ├── @tensorflow/tfjs@0.11.7
66 silly currentTree ├── @types/long@3.0.32
66 silly currentTree ├── @types/node@8.10.20
66 silly currentTree ├── accepts@1.3.5
66 silly currentTree ├── array-flatten@1.1.1
66 silly currentTree ├── bindings@1.3.0
66 silly currentTree ├── body-parser@1.18.2
66 silly currentTree ├── bytes@3.0.0
66 silly currentTree ├── content-disposition@0.5.2
66 silly currentTree ├── content-type@1.0.4
66 silly currentTree ├── cookie-signature@1.0.6
66 silly currentTree ├── cookie@0.3.1
66 silly currentTree ├── debug@2.6.9
66 silly currentTree ├── depd@1.1.2
66 silly currentTree ├── destroy@1.0.4
66 silly currentTree ├── ee-first@1.1.1
66 silly currentTree ├── encodeurl@1.0.2
66 silly currentTree ├── epoll@2.0.1
66 silly currentTree ├── escape-html@1.0.3
66 silly currentTree ├── etag@1.8.1
66 silly currentTree ├── express@4.16.3
66 silly currentTree ├── finalhandler@1.1.1
66 silly currentTree ├── forwarded@0.1.2
66 silly currentTree ├── fresh@0.5.2
66 silly currentTree ├── http-errors@1.6.3
66 silly currentTree ├── iconv-lite@0.4.19
66 silly currentTree ├── inherits@2.0.3
66 silly currentTree ├── ipaddr.js@1.6.0
66 silly currentTree ├── lodash.debounce@4.0.8
66 silly currentTree ├── long@4.0.0
66 silly currentTree ├── media-typer@0.3.0
66 silly currentTree ├── merge-descriptors@1.0.1
66 silly currentTree ├── methods@1.1.2
66 silly currentTree ├── mime-db@1.33.0
66 silly currentTree ├── mime-types@2.1.18
66 silly currentTree ├── mime@1.4.1
66 silly currentTree ├── ms@2.0.0
66 silly currentTree ├── nan@2.10.0
66 silly currentTree ├── negotiator@0.6.1
66 silly currentTree ├── on-finished@2.3.0
66 silly currentTree ├── onoff@3.1.0
66 silly currentTree ├── parseurl@1.3.2
66 silly currentTree ├── path-to-regexp@0.1.7
66 silly currentTree ├── protobufjs@6.8.6
66 silly currentTree ├── proxy-addr@2.0.3
66 silly currentTree ├── punycode@1.3.2
66 silly currentTree ├── qs@6.5.1
66 silly currentTree ├── querystring@0.2.0
66 silly currentTree ├── range-parser@1.2.0
66 silly currentTree ├─┬ raw-body@2.3.2
66 silly currentTree │ ├── depd@1.1.1
66 silly currentTree │ ├── http-errors@1.6.2
66 silly currentTree │ └── setprototypeof@1.0.3
66 silly currentTree ├── safe-buffer@5.1.1
66 silly currentTree ├── seedrandom@2.4.3
66 silly currentTree ├── send@0.16.2
66 silly currentTree ├── serve-static@1.13.2
66 silly currentTree ├── setprototypeof@1.1.0
66 silly currentTree ├── statuses@1.4.0
66 silly currentTree ├── type-is@1.6.16
66 silly currentTree ├── unpipe@1.0.0
66 silly currentTree ├── url@0.11.0
66 silly currentTree ├── utils-merge@1.0.1
66 silly currentTree └── vary@1.1.2
67 silly idealTree ledgpio@1.0.0
67 silly idealTree ├── @protobufjs/aspromise@1.1.2
67 silly idealTree ├── @protobufjs/base64@1.1.2
67 silly idealTree ├── @protobufjs/codegen@2.0.4
67 silly idealTree ├── @protobufjs/eventemitter@1.1.0
67 silly idealTree ├── @protobufjs/fetch@1.1.0
67 silly idealTree ├── @protobufjs/float@1.0.2
67 silly idealTree ├── @protobufjs/inquire@1.1.0
67 silly idealTree ├── @protobufjs/path@1.1.2
67 silly idealTree ├── @protobufjs/pool@1.1.0
67 silly idealTree ├── @protobufjs/utf8@1.1.0
67 silly idealTree ├── @tensorflow/tfjs-converter@0.4.3
67 silly idealTree ├── @tensorflow/tfjs-core@0.11.9
67 silly idealTree ├── @tensorflow/tfjs-layers@0.6.7
67 silly idealTree ├── @tensorflow/tfjs-node@0.1.7
67 silly idealTree ├── @tensorflow/tfjs@0.11.7
67 silly idealTree ├── @types/long@3.0.32
67 silly idealTree ├── @types/node@8.10.20
67 silly idealTree ├── accepts@1.3.5
67 silly idealTree ├── array-flatten@1.1.1
67 silly idealTree ├── bindings@1.3.0
67 silly idealTree ├── body-parser@1.18.2
67 silly idealTree ├── bytes@3.0.0
67 silly idealTree ├── content-disposition@0.5.2
67 silly idealTree ├── content-type@1.0.4
67 silly idealTree ├── cookie-signature@1.0.6
67 silly idealTree ├── cookie@0.3.1
67 silly idealTree ├── debug@2.6.9
67 silly idealTree ├── depd@1.1.2
67 silly idealTree ├── destroy@1.0.4
67 silly idealTree ├── ee-first@1.1.1
67 silly idealTree ├── encodeurl@1.0.2
67 silly idealTree ├── epoll@2.0.1
67 silly idealTree ├── escape-html@1.0.3
67 silly idealTree ├── etag@1.8.1
67 silly idealTree ├── express@4.16.3
67 silly idealTree ├── finalhandler@1.1.1
67 silly idealTree ├── forwarded@0.1.2
67 silly idealTree ├── fresh@0.5.2
67 silly idealTree ├── http-errors@1.6.3
67 silly idealTree ├── iconv-lite@0.4.19
67 silly idealTree ├── inherits@2.0.3
67 silly idealTree ├── ipaddr.js@1.6.0
67 silly idealTree ├── lodash.debounce@4.0.8
67 silly idealTree ├── long@4.0.0
67 silly idealTree ├── media-typer@0.3.0
67 silly idealTree ├── merge-descriptors@1.0.1
67 silly idealTree ├── methods@1.1.2
67 silly idealTree ├── mime-db@1.33.0
67 silly idealTree ├── mime-types@2.1.18
67 silly idealTree ├── mime@1.4.1
67 silly idealTree ├── ms@2.0.0
67 silly idealTree ├── nan@2.10.0
67 silly idealTree ├── negotiator@0.6.1
67 silly idealTree ├── on-finished@2.3.0
67 silly idealTree ├── onoff@3.1.0
67 silly idealTree ├── parseurl@1.3.2
67 silly idealTree ├── path-to-regexp@0.1.7
67 silly idealTree ├── protobufjs@6.8.6
67 silly idealTree ├── proxy-addr@2.0.3
67 silly idealTree ├── punycode@1.3.2
67 silly idealTree ├── qs@6.5.1
67 silly idealTree ├── querystring@0.2.0
67 silly idealTree ├── range-parser@1.2.0
67 silly idealTree ├─┬ raw-body@2.3.2
67 silly idealTree │ ├── depd@1.1.1
67 silly idealTree │ ├── http-errors@1.6.2
67 silly idealTree │ └── setprototypeof@1.0.3
67 silly idealTree ├── safe-buffer@5.1.1
67 silly idealTree ├── seedrandom@2.4.3
67 silly idealTree ├── send@0.16.2
67 silly idealTree ├── serve-static@1.13.2
67 silly idealTree ├── setprototypeof@1.1.0
67 silly idealTree ├── statuses@1.4.0
67 silly idealTree ├── type-is@1.6.16
67 silly idealTree ├── unpipe@1.0.0
67 silly idealTree ├── url@0.11.0
67 silly idealTree ├── utils-merge@1.0.1
67 silly idealTree └── vary@1.1.2
68 silly generateActionsToTake Starting
69 silly install generateActionsToTake
70 silly generateActionsToTake Finishing
71 silly diffTrees action count 1
72 silly diffTrees add @tensorflow/tfjs-node@0.1.7
73 silly decomposeActions action count 8
74 silly decomposeActions fetch @tensorflow/tfjs-node@0.1.7
75 silly decomposeActions extract @tensorflow/tfjs-node@0.1.7
76 silly decomposeActions test @tensorflow/tfjs-node@0.1.7
77 silly decomposeActions preinstall @tensorflow/tfjs-node@0.1.7
78 silly decomposeActions build @tensorflow/tfjs-node@0.1.7
79 silly decomposeActions install @tensorflow/tfjs-node@0.1.7
80 silly decomposeActions postinstall @tensorflow/tfjs-node@0.1.7
81 silly decomposeActions finalize @tensorflow/tfjs-node@0.1.7
82 silly runTopLevelLifecycles Starting
83 silly executeActions Starting
84 silly install executeActions
85 silly doSerial global-install 0
86 silly doParallel fetch 1
87 verbose correctMkdir /home/pi/.npm/_locks correctMkdir not in flight; initializing
88 verbose lock using /home/pi/.npm/_locks/staging-5a611957c5d8b640.lock for /home/pi/nodejs/ledgpio/node_modules/.staging
89 silly doParallel extract 1
90 silly extract @tensorflow/tfjs-node@0.1.7
91 verbose unbuild node_modules/.staging/@tensorflow/tfjs-node-ea5d53ae
92 silly gentlyRm /home/pi/nodejs/ledgpio/node_modules/.staging/@tensorflow/tfjs-node-ea5d53ae is being purged from base /home/pi/nodejs/ledgpio
93 verbose gentlyRm don't care about contents; nuking /home/pi/nodejs/ledgpio/node_modules/.staging/@tensorflow/tfjs-node-ea5d53ae
94 verbose tar unpack /home/pi/.npm/@tensorflow/tfjs-node/0.1.7/package.tgz
95 verbose tar unpacking to /home/pi/nodejs/ledgpio/node_modules/.staging/@tensorflow/tfjs-node-ea5d53ae
96 silly gentlyRm /home/pi/nodejs/ledgpio/node_modules/.staging/@tensorflow/tfjs-node-ea5d53ae is being purged
97 verbose gentlyRm don't care about contents; nuking /home/pi/nodejs/ledgpio/node_modules/.staging/@tensorflow/tfjs-node-ea5d53ae
98 silly gunzTarPerm modes [ '755', '644' ]
99 silly gunzTarPerm extractEntry package.json
100 silly gunzTarPerm modified mode [ 'package.json', 416, 420 ]
101 silly gunzTarPerm extractEntry binding.gyp
102 silly gunzTarPerm modified mode [ 'binding.gyp', 416, 420 ]
103 silly gunzTarPerm extractEntry LICENSE
104 silly gunzTarPerm modified mode [ 'LICENSE', 416, 420 ]
105 silly gunzTarPerm extractEntry README.md
106 silly gunzTarPerm modified mode [ 'README.md', 416, 420 ]
107 silly gunzTarPerm extractEntry tsconfig.json
108 silly gunzTarPerm modified mode [ 'tsconfig.json', 416, 420 ]
109 silly gunzTarPerm extractEntry binding/tf_auto_status.h
110 silly gunzTarPerm modified mode [ 'binding/tf_auto_status.h', 416, 420 ]
111 silly gunzTarPerm extractEntry binding/tf_auto_tensor.h
112 silly gunzTarPerm modified mode [ 'binding/tf_auto_tensor.h', 416, 420 ]
113 silly gunzTarPerm extractEntry binding/tfe_auto_op.h
114 silly gunzTarPerm modified mode [ 'binding/tfe_auto_op.h', 416, 420 ]
115 silly gunzTarPerm extractEntry binding/tfe_utils.cc
116 silly gunzTarPerm modified mode [ 'binding/tfe_utils.cc', 416, 420 ]
117 silly gunzTarPerm extractEntry binding/tfe_utils.h
118 silly gunzTarPerm modified mode [ 'binding/tfe_utils.h', 416, 420 ]
119 silly gunzTarPerm extractEntry binding/tfjs_backend.cc
120 silly gunzTarPerm modified mode [ 'binding/tfjs_backend.cc', 416, 420 ]
121 silly gunzTarPerm extractEntry binding/tfjs_backend.h
122 silly gunzTarPerm modified mode [ 'binding/tfjs_backend.h', 416, 420 ]
123 silly gunzTarPerm extractEntry binding/tfjs_binding.cc
124 silly gunzTarPerm modified mode [ 'binding/tfjs_binding.cc', 416, 420 ]
125 silly gunzTarPerm extractEntry binding/utils.h
126 silly gunzTarPerm modified mode [ 'binding/utils.h', 416, 420 ]
127 silly gunzTarPerm extractEntry dist/index.d.ts
128 silly gunzTarPerm modified mode [ 'dist/index.d.ts', 416, 420 ]
129 silly gunzTarPerm extractEntry dist/index.js
130 silly gunzTarPerm modified mode [ 'dist/index.js', 416, 420 ]
131 silly gunzTarPerm extractEntry dist/io/file_system_test.d.ts
132 silly gunzTarPerm modified mode [ 'dist/io/file_system_test.d.ts', 416, 420 ]
133 silly gunzTarPerm extractEntry dist/io/file_system_test.js
134 silly gunzTarPerm modified mode [ 'dist/io/file_system_test.js', 416, 420 ]
135 silly gunzTarPerm extractEntry dist/io/file_system.d.ts
136 silly gunzTarPerm modified mode [ 'dist/io/file_system.d.ts', 416, 420 ]
137 silly gunzTarPerm extractEntry dist/io/file_system.js
138 silly gunzTarPerm modified mode [ 'dist/io/file_system.js', 416, 420 ]
139 silly gunzTarPerm extractEntry dist/io/io_utils_test.d.ts
140 silly gunzTarPerm modified mode [ 'dist/io/io_utils_test.d.ts', 416, 420 ]
141 silly gunzTarPerm extractEntry dist/io/io_utils_test.js
142 silly gunzTarPerm modified mode [ 'dist/io/io_utils_test.js', 416, 420 ]
143 silly gunzTarPerm extractEntry dist/io/io_utils.d.ts
144 silly gunzTarPerm modified mode [ 'dist/io/io_utils.d.ts', 416, 420 ]
145 silly gunzTarPerm extractEntry dist/io/io_utils.js
146 silly gunzTarPerm modified mode [ 'dist/io/io_utils.js', 416, 420 ]
147 silly gunzTarPerm extractEntry dist/nodejs_kernel_backend_test.d.ts
148 silly gunzTarPerm modified mode [ 'dist/nodejs_kernel_backend_test.d.ts', 416, 420 ]
149 silly gunzTarPerm extractEntry dist/nodejs_kernel_backend_test.js
150 silly gunzTarPerm modified mode [ 'dist/nodejs_kernel_backend_test.js', 416, 420 ]
151 silly gunzTarPerm extractEntry dist/nodejs_kernel_backend.d.ts
152 silly gunzTarPerm modified mode [ 'dist/nodejs_kernel_backend.d.ts', 416, 420 ]
153 silly gunzTarPerm extractEntry dist/nodejs_kernel_backend.js
154 silly gunzTarPerm modified mode [ 'dist/nodejs_kernel_backend.js', 416, 420 ]
155 silly gunzTarPerm extractEntry dist/run_tests.d.ts
156 silly gunzTarPerm modified mode [ 'dist/run_tests.d.ts', 416, 420 ]
157 silly gunzTarPerm extractEntry dist/run_tests.js
158 silly gunzTarPerm modified mode [ 'dist/run_tests.js', 416, 420 ]
159 silly gunzTarPerm extractEntry dist/tfjs_binding_test.d.ts
160 silly gunzTarPerm modified mode [ 'dist/tfjs_binding_test.d.ts', 416, 420 ]
161 silly gunzTarPerm extractEntry dist/tfjs_binding_test.js
162 silly gunzTarPerm modified mode [ 'dist/tfjs_binding_test.js', 416, 420 ]
163 silly gunzTarPerm extractEntry dist/version.d.ts
164 silly gunzTarPerm modified mode [ 'dist/version.d.ts', 416, 420 ]
165 silly gunzTarPerm extractEntry dist/version.js
166 silly gunzTarPerm modified mode [ 'dist/version.js', 416, 420 ]
167 silly gunzTarPerm extractEntry scripts/download-libtensorflow.sh
168 silly gunzTarPerm modified mode [ 'scripts/download-libtensorflow.sh', 488, 492 ]
169 silly gentlyRm /home/pi/nodejs/ledgpio/node_modules/.staging/@tensorflow/tfjs-node-ea5d53ae/node_modules is being purged
170 verbose gentlyRm don't care about contents; nuking /home/pi/nodejs/ledgpio/node_modules/.staging/@tensorflow/tfjs-node-ea5d53ae/node_modules
171 silly doParallel preinstall 1
172 silly preinstall @tensorflow/tfjs-node@0.1.7
173 info lifecycle @tensorflow/tfjs-node@0.1.7~preinstall: @tensorflow/tfjs-node@0.1.7
174 silly lifecycle @tensorflow/tfjs-node@0.1.7~preinstall: no script for preinstall, continuing
175 silly doReverseSerial remove 0
176 silly doSerial move 0
177 silly doSerial finalize 1
178 silly finalize /home/pi/nodejs/ledgpio/node_modules/@tensorflow/tfjs-node
179 silly doSerial build 1
180 silly build @tensorflow/tfjs-node@0.1.7
181 info linkStuff @tensorflow/tfjs-node@0.1.7
182 silly linkStuff @tensorflow/tfjs-node@0.1.7 has /home/pi/nodejs/ledgpio/node_modules as its parent node_modules
183 verbose linkBins @tensorflow/tfjs-node@0.1.7
184 verbose linkMans @tensorflow/tfjs-node@0.1.7
185 silly doSerial global-link 0
186 silly doParallel update-linked 0
187 silly doSerial install 1
188 silly install @tensorflow/tfjs-node@0.1.7
189 info lifecycle @tensorflow/tfjs-node@0.1.7~install: @tensorflow/tfjs-node@0.1.7
190 verbose lifecycle @tensorflow/tfjs-node@0.1.7~install: unsafe-perm in lifecycle true
191 verbose lifecycle @tensorflow/tfjs-node@0.1.7~install: PATH: /usr/lib/node_modules/npm/bin/node-gyp-bin:/home/pi/nodejs/ledgpio/node_modules/@tensorflow/tfjs-node/node_modules/.bin:/home/pi/nodejs/ledgpio/node_modules/.bin:/usr/local/sbin:/usr/local/bin:/usr/sbin:/usr/bin:/sbin:/bin:/usr/local/games:/usr/games
192 verbose lifecycle @tensorflow/tfjs-node@0.1.7~install: CWD: /home/pi/nodejs/ledgpio/node_modules/@tensorflow/tfjs-node
193 silly lifecycle @tensorflow/tfjs-node@0.1.7~install: Args: [ '-c', 'node-gyp rebuild' ]
194 silly lifecycle @tensorflow/tfjs-node@0.1.7~install: Returned: code: 1  signal: null
195 info lifecycle @tensorflow/tfjs-node@0.1.7~install: Failed to exec install script
196 verbose unlock done using /home/pi/.npm/_locks/staging-5a611957c5d8b640.lock for /home/pi/nodejs/ledgpio/node_modules/.staging
197 silly rollbackFailedOptional Starting
198 silly gentlyRm /home/pi/nodejs/ledgpio/node_modules/@tensorflow/tfjs-node is being purged from base /home/pi/nodejs/ledgpio
199 verbose gentlyRm don't care about contents; nuking /home/pi/nodejs/ledgpio/node_modules/@tensorflow/tfjs-node
200 silly gentlyRm /home/pi/nodejs/ledgpio/node_modules/@tensorflow/tfjs-node is being purged from base /home/pi/nodejs/ledgpio
201 verbose gentlyRm don't care about contents; nuking /home/pi/nodejs/ledgpio/node_modules/@tensorflow/tfjs-node
202 silly gentlyRm /home/pi/nodejs/ledgpio/node_modules/@tensorflow/tfjs-node is being purged from base /home/pi/nodejs/ledgpio
203 verbose gentlyRm don't care about contents; nuking /home/pi/nodejs/ledgpio/node_modules/@tensorflow/tfjs-node
204 silly gentlyRm /home/pi/nodejs/ledgpio/node_modules/@tensorflow/tfjs-node is being purged from base /home/pi/nodejs/ledgpio
205 verbose gentlyRm don't care about contents; nuking /home/pi/nodejs/ledgpio/node_modules/@tensorflow/tfjs-node
206 silly gentlyRm /home/pi/nodejs/ledgpio/node_modules/@tensorflow/tfjs-node is being purged from base /home/pi/nodejs/ledgpio
207 verbose gentlyRm don't care about contents; nuking /home/pi/nodejs/ledgpio/node_modules/@tensorflow/tfjs-node
208 silly gentlyRm /home/pi/nodejs/ledgpio/node_modules/@tensorflow/tfjs-node is being purged from base /home/pi/nodejs/ledgpio
209 verbose gentlyRm don't care about contents; nuking /home/pi/nodejs/ledgpio/node_modules/@tensorflow/tfjs-node
210 silly gentlyRm /home/pi/nodejs/ledgpio/node_modules/@tensorflow/tfjs-node is being purged from base /home/pi/nodejs/ledgpio
211 verbose gentlyRm don't care about contents; nuking /home/pi/nodejs/ledgpio/node_modules/@tensorflow/tfjs-node
212 silly gentlyRm /home/pi/nodejs/ledgpio/node_modules/@tensorflow/tfjs-node is being purged from base /home/pi/nodejs/ledgpio
213 verbose gentlyRm don't care about contents; nuking /home/pi/nodejs/ledgpio/node_modules/@tensorflow/tfjs-node
214 silly vacuum-fs purging /home/pi/nodejs/ledgpio/node_modules/@tensorflow/tfjs-node
215 silly vacuum-fs purging /home/pi/nodejs/ledgpio/node_modules/@tensorflow/tfjs-node
216 silly vacuum-fs purging /home/pi/nodejs/ledgpio/node_modules/@tensorflow/tfjs-node
217 silly vacuum-fs purging /home/pi/nodejs/ledgpio/node_modules/@tensorflow/tfjs-node
218 silly vacuum-fs purging /home/pi/nodejs/ledgpio/node_modules/@tensorflow/tfjs-node
219 silly vacuum-fs purging /home/pi/nodejs/ledgpio/node_modules/@tensorflow/tfjs-node
220 silly vacuum-fs purging /home/pi/nodejs/ledgpio/node_modules/@tensorflow/tfjs-node
221 silly vacuum-fs purging /home/pi/nodejs/ledgpio/node_modules/@tensorflow/tfjs-node
222 silly vacuum-fs quitting because other entries in /home/pi/nodejs/ledgpio/node_modules/@tensorflow
223 silly vacuum-fs quitting because other entries in /home/pi/nodejs/ledgpio/node_modules/@tensorflow
224 silly vacuum-fs quitting because other entries in /home/pi/nodejs/ledgpio/node_modules/@tensorflow
225 silly vacuum-fs quitting because other entries in /home/pi/nodejs/ledgpio/node_modules/@tensorflow
226 silly vacuum-fs quitting because other entries in /home/pi/nodejs/ledgpio/node_modules/@tensorflow
227 silly vacuum-fs quitting because other entries in /home/pi/nodejs/ledgpio/node_modules/@tensorflow
228 silly vacuum-fs quitting because other entries in /home/pi/nodejs/ledgpio/node_modules/@tensorflow
229 silly vacuum-fs quitting because other entries in /home/pi/nodejs/ledgpio/node_modules/@tensorflow
230 silly rollbackFailedOptional Finishing
231 silly runTopLevelLifecycles Finishing
232 silly install printInstalled
233 warn ledgpio@1.0.0 No description
234 verbose If you need help, you may report this error at:
234 verbose     <https://github.com/npm/npm/issues>
235 verbose stack Error: @tensorflow/tfjs-node@0.1.7 install: `node-gyp rebuild`
235 verbose stack Exit status 1
235 verbose stack     at EventEmitter.<anonymous> (/usr/lib/node_modules/npm/lib/utils/lifecycle.js:279:16)
235 verbose stack     at emitTwo (events.js:106:13)
235 verbose stack     at EventEmitter.emit (events.js:191:7)
235 verbose stack     at ChildProcess.<anonymous> (/usr/lib/node_modules/npm/lib/utils/spawn.js:40:14)
235 verbose stack     at emitTwo (events.js:106:13)
235 verbose stack     at ChildProcess.emit (events.js:191:7)
235 verbose stack     at maybeClose (internal/child_process.js:885:16)
235 verbose stack     at Process.ChildProcess._handle.onexit (internal/child_process.js:226:5)
236 verbose pkgid @tensorflow/tfjs-node@0.1.7
237 verbose cwd /home/pi/nodejs/ledgpio
238 error Linux 4.4.21-v7+
239 error argv "/usr/bin/nodejs" "/usr/bin/npm" "install" "--save" "@tensorflow/tfjs-node"
240 error node v7.4.0
241 error npm  v4.0.5
242 error code ELIFECYCLE
243 error @tensorflow/tfjs-node@0.1.7 install: `node-gyp rebuild`
243 error Exit status 1
244 error Failed at the @tensorflow/tfjs-node@0.1.7 install script 'node-gyp rebuild'.
244 error Make sure you have the latest version of node.js and npm installed.
244 error If you do, this is most likely a problem with the @tensorflow/tfjs-node package,
244 error not with npm itself.
244 error Tell the author that this fails on your system:
244 error     node-gyp rebuild
244 error You can get information on how to open an issue for this project with:
244 error     npm bugs @tensorflow/tfjs-node
244 error Or if that isn't available, you can get their info via:
244 error     npm owner ls @tensorflow/tfjs-node
244 error There is likely additional logging output above.
245 verbose exit [ 1, true ]
